  Source.cpp
C:\PP_31\generate\generate\MMatrix.h(14,10): warning C4067: непредвиденные лексемы за директивой препроцессора, требуется newline
C:\PP_31\generate\generate\MMatrix.h(16,26): error C2065: Complex: необъявленный идентификатор
C:\PP_31\generate\generate\MMatrix.h(16,19): error C2923: techsoft::matrix: "Complex" не является допустимым аргументом типа шаблон для параметра "T"
C:\PP_31\generate\generate\MMatrix.h(18,9): error C2143: синтаксическая ошибка: отсутствие ";" перед "*"
C:\PP_31\generate\generate\MMatrix.h(18,19): error C4430: отсутствует спецификатор типа - предполагается int. Примечание. C++ не поддерживает int по умолчанию
C:\PP_31\generate\generate\MMatrix.h(18,29): error C2065: c: необъявленный идентификатор
C:\PP_31\generate\generate\MMatrix.h(18,36): error C2062: тип "int" не требуется
C:\PP_31\generate\generate\MMatrix.h(18,39): error C2143: синтаксическая ошибка: отсутствие ";" перед "{"
C:\PP_31\generate\generate\MMatrix.h(18,39): error C2447: {: отсутствует заголовок функции (возможно, используется формальный список старого типа)
C:\PP_31\generate\generate\MMatrix.h(23,26): error C2146: синтаксическая ошибка: отсутствие ")" перед идентификатором "a"
C:\PP_31\generate\generate\MMatrix.h(23,40): error C2143: синтаксическая ошибка: отсутствие ";" перед "{"
C:\PP_31\generate\generate\MMatrix.h(23,40): error C2447: {: отсутствует заголовок функции (возможно, используется формальный список старого типа)
C:\PP_31\generate\generate\Source.cpp(11,16): error C2514: "techsoft::matrix": невозможно создать шаблон класса.
C:\PP_31\library\include\matrix2.hxx(61): message : см. объявление "techsoft::matrix"
C:\PP_31\generate\generate\Source.cpp(12,5): error C2678: бинарный "[": не найден оператор, принимающий левый операнд типа "Matrix" (или приемлемое преобразование отсутствует)
C:\PP_31\library\include\matrix2.hxx(128,20): message : может быть "const techsoft::matrix<T> techsoft::matrix<T>::operator [](techsoft::gmslice) const"
C:\PP_31\library\include\matrix2.hxx(127,20): message : или       "const techsoft::matrix<T> techsoft::matrix<T>::operator [](techsoft::mslice) const"
C:\PP_31\library\include\matrix2.hxx(125,22): message : или       "techsoft::gmslice_matrix<T> techsoft::matrix<T>::operator [](techsoft::gmslice)"
C:\PP_31\library\include\matrix2.hxx(124,21): message : или       "techsoft::mslice_matrix<T> techsoft::matrix<T>::operator [](techsoft::mslice)"
C:\PP_31\library\include\matrix2.hxx(114,17): message : или       "techsoft::Cmat_iter<T> techsoft::matrix<T>::operator [](int) const"
C:\PP_31\library\include\matrix2.hxx(113,16): message : или       "techsoft::Mat_iter<T> techsoft::matrix<T>::operator [](int)"
C:\PP_31\library\include\matrix2.hxx(112,17): message : или       "techsoft::Cmat_iter<T> techsoft::matrix<T>::operator [](size_t) const"
C:\PP_31\library\include\matrix2.hxx(111,16): message : или       "techsoft::Mat_iter<T> techsoft::matrix<T>::operator [](size_t)"
C:\PP_31\generate\generate\Source.cpp(12,5): message : при попытке сопоставить список аргументов "(Matrix, int)"
C:\PP_31\generate\generate\Source.cpp(13,5): error C2678: бинарный "[": не найден оператор, принимающий левый операнд типа "Matrix" (или приемлемое преобразование отсутствует)
C:\PP_31\library\include\matrix2.hxx(128,20): message : может быть "const techsoft::matrix<T> techsoft::matrix<T>::operator [](techsoft::gmslice) const"
C:\PP_31\library\include\matrix2.hxx(127,20): message : или       "const techsoft::matrix<T> techsoft::matrix<T>::operator [](techsoft::mslice) const"
C:\PP_31\library\include\matrix2.hxx(125,22): message : или       "techsoft::gmslice_matrix<T> techsoft::matrix<T>::operator [](techsoft::gmslice)"
C:\PP_31\library\include\matrix2.hxx(124,21): message : или       "techsoft::mslice_matrix<T> techsoft::matrix<T>::operator [](techsoft::mslice)"
C:\PP_31\library\include\matrix2.hxx(114,17): message : или       "techsoft::Cmat_iter<T> techsoft::matrix<T>::operator [](int) const"
C:\PP_31\library\include\matrix2.hxx(113,16): message : или       "techsoft::Mat_iter<T> techsoft::matrix<T>::operator [](int)"
C:\PP_31\library\include\matrix2.hxx(112,17): message : или       "techsoft::Cmat_iter<T> techsoft::matrix<T>::operator [](size_t) const"
C:\PP_31\library\include\matrix2.hxx(111,16): message : или       "techsoft::Mat_iter<T> techsoft::matrix<T>::operator [](size_t)"
C:\PP_31\generate\generate\Source.cpp(13,5): message : при попытке сопоставить список аргументов "(Matrix, int)"
C:\PP_31\generate\generate\Source.cpp(14,5): error C2678: бинарный "[": не найден оператор, принимающий левый операнд типа "Matrix" (или приемлемое преобразование отсутствует)
C:\PP_31\library\include\matrix2.hxx(128,20): message : может быть "const techsoft::matrix<T> techsoft::matrix<T>::operator [](techsoft::gmslice) const"
C:\PP_31\library\include\matrix2.hxx(127,20): message : или       "const techsoft::matrix<T> techsoft::matrix<T>::operator [](techsoft::mslice) const"
C:\PP_31\library\include\matrix2.hxx(125,22): message : или       "techsoft::gmslice_matrix<T> techsoft::matrix<T>::operator [](techsoft::gmslice)"
C:\PP_31\library\include\matrix2.hxx(124,21): message : или       "techsoft::mslice_matrix<T> techsoft::matrix<T>::operator [](techsoft::mslice)"
C:\PP_31\library\include\matrix2.hxx(114,17): message : или       "techsoft::Cmat_iter<T> techsoft::matrix<T>::operator [](int) const"
C:\PP_31\library\include\matrix2.hxx(113,16): message : или       "techsoft::Mat_iter<T> techsoft::matrix<T>::operator [](int)"
C:\PP_31\library\include\matrix2.hxx(112,17): message : или       "techsoft::Cmat_iter<T> techsoft::matrix<T>::operator [](size_t) const"
C:\PP_31\library\include\matrix2.hxx(111,16): message : или       "techsoft::Mat_iter<T> techsoft::matrix<T>::operator [](size_t)"
C:\PP_31\generate\generate\Source.cpp(14,5): message : при попытке сопоставить список аргументов "(Matrix, int)"
C:\PP_31\generate\generate\Source.cpp(15,13): error C2514: "techsoft::matrix": невозможно создать шаблон класса.
C:\PP_31\library\include\matrix2.hxx(61): message : см. объявление "techsoft::matrix"
C:\PP_31\generate\generate\Source.cpp(18,11): error C2146: синтаксическая ошибка: отсутствие ";" перед идентификатором "c"
C:\PP_31\generate\generate\Source.cpp(18,11): error C2065: c: необъявленный идентификатор
C:\PP_31\generate\generate\Source.cpp(18,21): error C2678: бинарный "[": не найден оператор, принимающий левый операнд типа "Matrix" (или приемлемое преобразование отсутствует)
C:\PP_31\library\include\matrix2.hxx(128,20): message : может быть "const techsoft::matrix<T> techsoft::matrix<T>::operator [](techsoft::gmslice) const"
C:\PP_31\library\include\matrix2.hxx(127,20): message : или       "const techsoft::matrix<T> techsoft::matrix<T>::operator [](techsoft::mslice) const"
C:\PP_31\library\include\matrix2.hxx(125,22): message : или       "techsoft::gmslice_matrix<T> techsoft::matrix<T>::operator [](techsoft::gmslice)"
C:\PP_31\library\include\matrix2.hxx(124,21): message : или       "techsoft::mslice_matrix<T> techsoft::matrix<T>::operator [](techsoft::mslice)"
C:\PP_31\library\include\matrix2.hxx(114,17): message : или       "techsoft::Cmat_iter<T> techsoft::matrix<T>::operator [](int) const"
C:\PP_31\library\include\matrix2.hxx(113,16): message : или       "techsoft::Mat_iter<T> techsoft::matrix<T>::operator [](int)"
C:\PP_31\library\include\matrix2.hxx(112,17): message : или       "techsoft::Cmat_iter<T> techsoft::matrix<T>::operator [](size_t) const"
C:\PP_31\library\include\matrix2.hxx(111,16): message : или       "techsoft::Mat_iter<T> techsoft::matrix<T>::operator [](size_t)"
C:\PP_31\generate\generate\Source.cpp(18,21): message : при попытке сопоставить список аргументов "(Matrix, int)"
C:\PP_31\generate\generate\Source.cpp(19,16): error C2065: c: необъявленный идентификатор
C:\PP_31\generate\generate\Source.cpp(20,9): error C2678: бинарный "[": не найден оператор, принимающий левый операнд типа "Matrix" (или приемлемое преобразование отсутствует)
C:\PP_31\library\include\matrix2.hxx(128,20): message : может быть "const techsoft::matrix<T> techsoft::matrix<T>::operator [](techsoft::gmslice) const"
C:\PP_31\library\include\matrix2.hxx(127,20): message : или       "const techsoft::matrix<T> techsoft::matrix<T>::operator [](techsoft::mslice) const"
C:\PP_31\library\include\matrix2.hxx(125,22): message : или       "techsoft::gmslice_matrix<T> techsoft::matrix<T>::operator [](techsoft::gmslice)"
C:\PP_31\library\include\matrix2.hxx(124,21): message : или       "techsoft::mslice_matrix<T> techsoft::matrix<T>::operator [](techsoft::mslice)"
C:\PP_31\library\include\matrix2.hxx(114,17): message : или       "techsoft::Cmat_iter<T> techsoft::matrix<T>::operator [](int) const"
C:\PP_31\library\include\matrix2.hxx(113,16): message : или       "techsoft::Mat_iter<T> techsoft::matrix<T>::operator [](int)"
C:\PP_31\library\include\matrix2.hxx(112,17): message : или       "techsoft::Cmat_iter<T> techsoft::matrix<T>::operator [](size_t) const"
C:\PP_31\library\include\matrix2.hxx(111,16): message : или       "techsoft::Mat_iter<T> techsoft::matrix<T>::operator [](size_t)"
C:\PP_31\generate\generate\Source.cpp(20,9): message : при попытке сопоставить список аргументов "(Matrix, int)"
C:\PP_31\generate\generate\Source.cpp(21,9): error C2678: бинарный "[": не найден оператор, принимающий левый операнд типа "Matrix" (или приемлемое преобразование отсутствует)
C:\PP_31\library\include\matrix2.hxx(128,20): message : может быть "const techsoft::matrix<T> techsoft::matrix<T>::operator [](techsoft::gmslice) const"
C:\PP_31\library\include\matrix2.hxx(127,20): message : или       "const techsoft::matrix<T> techsoft::matrix<T>::operator [](techsoft::mslice) const"
C:\PP_31\library\include\matrix2.hxx(125,22): message : или       "techsoft::gmslice_matrix<T> techsoft::matrix<T>::operator [](techsoft::gmslice)"
C:\PP_31\library\include\matrix2.hxx(124,21): message : или       "techsoft::mslice_matrix<T> techsoft::matrix<T>::operator [](techsoft::mslice)"
C:\PP_31\library\include\matrix2.hxx(114,17): message : или       "techsoft::Cmat_iter<T> techsoft::matrix<T>::operator [](int) const"
C:\PP_31\library\include\matrix2.hxx(113,16): message : или       "techsoft::Mat_iter<T> techsoft::matrix<T>::operator [](int)"
C:\PP_31\library\include\matrix2.hxx(112,17): message : или       "techsoft::Cmat_iter<T> techsoft::matrix<T>::operator [](size_t) const"
C:\PP_31\library\include\matrix2.hxx(111,16): message : или       "techsoft::Mat_iter<T> techsoft::matrix<T>::operator [](size_t)"
C:\PP_31\generate\generate\Source.cpp(21,9): message : при попытке сопоставить список аргументов "(Matrix, int)"
C:\PP_31\generate\generate\Source.cpp(24,11): error C2146: синтаксическая ошибка: отсутствие ";" перед идентификатором "c"
C:\PP_31\generate\generate\Source.cpp(24,11): error C2065: c: необъявленный идентификатор
C:\PP_31\generate\generate\Source.cpp(24,21): error C2678: бинарный "[": не найден оператор, принимающий левый операнд типа "Matrix" (или приемлемое преобразование отсутствует)
C:\PP_31\library\include\matrix2.hxx(128,20): message : может быть "const techsoft::matrix<T> techsoft::matrix<T>::operator [](techsoft::gmslice) const"
C:\PP_31\library\include\matrix2.hxx(127,20): message : или       "const techsoft::matrix<T> techsoft::matrix<T>::operator [](techsoft::mslice) const"
C:\PP_31\library\include\matrix2.hxx(125,22): message : или       "techsoft::gmslice_matrix<T> techsoft::matrix<T>::operator [](techsoft::gmslice)"
C:\PP_31\library\include\matrix2.hxx(124,21): message : или       "techsoft::mslice_matrix<T> techsoft::matrix<T>::operator [](techsoft::mslice)"
C:\PP_31\library\include\matrix2.hxx(114,17): message : или       "techsoft::Cmat_iter<T> techsoft::matrix<T>::operator [](int) const"
C:\PP_31\library\include\matrix2.hxx(113,16): message : или       "techsoft::Mat_iter<T> techsoft::matrix<T>::operator [](int)"
C:\PP_31\library\include\matrix2.hxx(112,17): message : или       "techsoft::Cmat_iter<T> techsoft::matrix<T>::operator [](size_t) const"
C:\PP_31\library\include\matrix2.hxx(111,16): message : или       "techsoft::Mat_iter<T> techsoft::matrix<T>::operator [](size_t)"
C:\PP_31\generate\generate\Source.cpp(24,21): message : при попытке сопоставить список аргументов "(Matrix, int)"
C:\PP_31\generate\generate\Source.cpp(25,11): error C2146: синтаксическая ошибка: отсутствие ";" перед идентификатором "dig"
C:\PP_31\generate\generate\Source.cpp(25,18): error C2065: c: необъявленный идентификатор
C:\PP_31\generate\generate\Source.cpp(25,11): error C3861: dig: идентификатор не найден
C:\PP_31\generate\generate\Source.cpp(26,9): error C2678: бинарный "[": не найден оператор, принимающий левый операнд типа "Matrix" (или приемлемое преобразование отсутствует)
C:\PP_31\library\include\matrix2.hxx(128,20): message : может быть "const techsoft::matrix<T> techsoft::matrix<T>::operator [](techsoft::gmslice) const"
C:\PP_31\library\include\matrix2.hxx(127,20): message : или       "const techsoft::matrix<T> techsoft::matrix<T>::operator [](techsoft::mslice) const"
C:\PP_31\library\include\matrix2.hxx(125,22): message : или       "techsoft::gmslice_matrix<T> techsoft::matrix<T>::operator [](techsoft::gmslice)"
C:\PP_31\library\include\matrix2.hxx(124,21): message : или       "techsoft::mslice_matrix<T> techsoft::matrix<T>::operator [](techsoft::mslice)"
C:\PP_31\library\include\matrix2.hxx(114,17): message : или       "techsoft::Cmat_iter<T> techsoft::matrix<T>::operator [](int) const"
C:\PP_31\library\include\matrix2.hxx(113,16): message : или       "techsoft::Mat_iter<T> techsoft::matrix<T>::operator [](int)"
C:\PP_31\library\include\matrix2.hxx(112,17): message : или       "techsoft::Cmat_iter<T> techsoft::matrix<T>::operator [](size_t) const"
C:\PP_31\library\include\matrix2.hxx(111,16): message : или       "techsoft::Mat_iter<T> techsoft::matrix<T>::operator [](size_t)"
C:\PP_31\generate\generate\Source.cpp(26,9): message : при попытке сопоставить список аргументов "(Matrix, int)"
C:\PP_31\generate\generate\Source.cpp(26,18): error C2065: dig: необъявленный идентификатор
C:\PP_31\generate\generate\Source.cpp(27,9): error C2678: бинарный "[": не найден оператор, принимающий левый операнд типа "Matrix" (или приемлемое преобразование отсутствует)
C:\PP_31\library\include\matrix2.hxx(128,20): message : может быть "const techsoft::matrix<T> techsoft::matrix<T>::operator [](techsoft::gmslice) const"
C:\PP_31\library\include\matrix2.hxx(127,20): message : или       "const techsoft::matrix<T> techsoft::matrix<T>::operator [](techsoft::mslice) const"
C:\PP_31\library\include\matrix2.hxx(125,22): message : или       "techsoft::gmslice_matrix<T> techsoft::matrix<T>::operator [](techsoft::gmslice)"
C:\PP_31\library\include\matrix2.hxx(124,21): message : или       "techsoft::mslice_matrix<T> techsoft::matrix<T>::operator [](techsoft::mslice)"
C:\PP_31\library\include\matrix2.hxx(114,17): message : или       "techsoft::Cmat_iter<T> techsoft::matrix<T>::operator [](int) const"
C:\PP_31\library\include\matrix2.hxx(113,16): message : или       "techsoft::Mat_iter<T> techsoft::matrix<T>::operator [](int)"
C:\PP_31\library\include\matrix2.hxx(112,17): message : или       "techsoft::Cmat_iter<T> techsoft::matrix<T>::operator [](size_t) const"
C:\PP_31\library\include\matrix2.hxx(111,16): message : или       "techsoft::Mat_iter<T> techsoft::matrix<T>::operator [](size_t)"
C:\PP_31\generate\generate\Source.cpp(27,9): message : при попытке сопоставить список аргументов "(Matrix, int)"
C:\PP_31\generate\generate\Source.cpp(27,18): error C2065: dig: необъявленный идентификатор
C:\PP_31\generate\generate\Source.cpp(35,7): error C2678: бинарный "[": не найден оператор, принимающий левый операнд типа "Matrix" (или приемлемое преобразование отсутствует)
C:\PP_31\library\include\matrix2.hxx(128,20): message : может быть "const techsoft::matrix<T> techsoft::matrix<T>::operator [](techsoft::gmslice) const"
C:\PP_31\library\include\matrix2.hxx(127,20): message : или       "const techsoft::matrix<T> techsoft::matrix<T>::operator [](techsoft::mslice) const"
C:\PP_31\library\include\matrix2.hxx(125,22): message : или       "techsoft::gmslice_matrix<T> techsoft::matrix<T>::operator [](techsoft::gmslice)"
C:\PP_31\library\include\matrix2.hxx(124,21): message : или       "techsoft::mslice_matrix<T> techsoft::matrix<T>::operator [](techsoft::mslice)"
C:\PP_31\library\include\matrix2.hxx(114,17): message : или       "techsoft::Cmat_iter<T> techsoft::matrix<T>::operator [](int) const"
C:\PP_31\library\include\matrix2.hxx(113,16): message : или       "techsoft::Mat_iter<T> techsoft::matrix<T>::operator [](int)"
C:\PP_31\library\include\matrix2.hxx(112,17): message : или       "techsoft::Cmat_iter<T> techsoft::matrix<T>::operator [](size_t) const"
C:\PP_31\library\include\matrix2.hxx(111,16): message : или       "techsoft::Mat_iter<T> techsoft::matrix<T>::operator [](size_t)"
C:\PP_31\generate\generate\Source.cpp(35,7): message : при попытке сопоставить список аргументов "(Matrix, int)"
C:\PP_31\generate\generate\Source.cpp(35,22): error C2088: [: недопустимо для class
C:\PP_31\generate\generate\Source.cpp(36,13): error C2146: синтаксическая ошибка: отсутствие ";" перед идентификатором "ca"
C:\PP_31\generate\generate\Source.cpp(36,13): error C2065: ca: необъявленный идентификатор
C:\PP_31\generate\generate\Source.cpp(36,21): error C2678: бинарный "[": не найден оператор, принимающий левый операнд типа "Matrix" (или приемлемое преобразование отсутствует)
C:\PP_31\library\include\matrix2.hxx(128,20): message : может быть "const techsoft::matrix<T> techsoft::matrix<T>::operator [](techsoft::gmslice) const"
C:\PP_31\library\include\matrix2.hxx(127,20): message : или       "const techsoft::matrix<T> techsoft::matrix<T>::operator [](techsoft::mslice) const"
C:\PP_31\library\include\matrix2.hxx(125,22): message : или       "techsoft::gmslice_matrix<T> techsoft::matrix<T>::operator [](techsoft::gmslice)"
C:\PP_31\library\include\matrix2.hxx(124,21): message : или       "techsoft::mslice_matrix<T> techsoft::matrix<T>::operator [](techsoft::mslice)"
C:\PP_31\library\include\matrix2.hxx(114,17): message : или       "techsoft::Cmat_iter<T> techsoft::matrix<T>::operator [](int) const"
C:\PP_31\library\include\matrix2.hxx(113,16): message : или       "techsoft::Mat_iter<T> techsoft::matrix<T>::operator [](int)"
C:\PP_31\library\include\matrix2.hxx(112,17): message : или       "techsoft::Cmat_iter<T> techsoft::matrix<T>::operator [](size_t) const"
C:\PP_31\library\include\matrix2.hxx(111,16): message : или       "techsoft::Mat_iter<T> techsoft::matrix<T>::operator [](size_t)"
C:\PP_31\generate\generate\Source.cpp(36,21): message : при попытке сопоставить список аргументов "(Matrix, int)"
C:\PP_31\generate\generate\Source.cpp(37,13): error C2146: синтаксическая ошибка: отсутствие ";" перед идентификатором "cb"
C:\PP_31\generate\generate\Source.cpp(37,13): error C2065: cb: необъявленный идентификатор
C:\PP_31\generate\generate\Source.cpp(37,21): error C2678: бинарный "[": не найден оператор, принимающий левый операнд типа "Matrix" (или приемлемое преобразование отсутствует)
C:\PP_31\library\include\matrix2.hxx(128,20): message : может быть "const techsoft::matrix<T> techsoft::matrix<T>::operator [](techsoft::gmslice) const"
C:\PP_31\library\include\matrix2.hxx(127,20): message : или       "const techsoft::matrix<T> techsoft::matrix<T>::operator [](techsoft::mslice) const"
C:\PP_31\library\include\matrix2.hxx(125,22): message : или       "techsoft::gmslice_matrix<T> techsoft::matrix<T>::operator [](techsoft::gmslice)"
C:\PP_31\library\include\matrix2.hxx(124,21): message : или       "techsoft::mslice_matrix<T> techsoft::matrix<T>::operator [](techsoft::mslice)"
C:\PP_31\library\include\matrix2.hxx(114,17): message : или       "techsoft::Cmat_iter<T> techsoft::matrix<T>::operator [](int) const"
C:\PP_31\library\include\matrix2.hxx(113,16): message : или       "techsoft::Mat_iter<T> techsoft::matrix<T>::operator [](int)"
C:\PP_31\library\include\matrix2.hxx(112,17): message : или       "techsoft::Cmat_iter<T> techsoft::matrix<T>::operator [](size_t) const"
C:\PP_31\library\include\matrix2.hxx(111,16): message : или       "techsoft::Mat_iter<T> techsoft::matrix<T>::operator [](size_t)"
C:\PP_31\generate\generate\Source.cpp(37,21): message : при попытке сопоставить список аргументов "(Matrix, int)"
C:\PP_31\generate\generate\Source.cpp(38,9): error C2065: ca: необъявленный идентификатор
C:\PP_31\generate\generate\Source.cpp(38,22): error C2065: cb: необъявленный идентификатор
C:\PP_31\generate\generate\Source.cpp(40,21): error C2065: ca: необъявленный идентификатор
C:\PP_31\generate\generate\Source.cpp(40,41): error C2065: cb: необъявленный идентификатор
C:\PP_31\generate\generate\Source.cpp(40,62): error C2065: ca: необъявленный идентификатор
C:\PP_31\generate\generate\Source.cpp(43,21): error C2065: ca: необъявленный идентификатор
C:\PP_31\generate\generate\Source.cpp(43,42): error C2065: ca: необъявленный идентификатор
C:\PP_31\generate\generate\Source.cpp(43,62): error C2065: cb: необъявленный идентификатор
C:\PP_31\generate\generate\Source.cpp(47,13): error C2146: синтаксическая ошибка: отсутствие ";" перед идентификатором "c"
C:\PP_31\generate\generate\Source.cpp(47,13): error C2065: c: необъявленный идентификатор
C:\PP_31\generate\generate\Source.cpp(47,20): error C2678: бинарный "[": не найден оператор, принимающий левый операнд типа "Matrix" (или приемлемое преобразование отсутствует)
C:\PP_31\library\include\matrix2.hxx(128,20): message : может быть "const techsoft::matrix<T> techsoft::matrix<T>::operator [](techsoft::gmslice) const"
C:\PP_31\library\include\matrix2.hxx(127,20): message : или       "const techsoft::matrix<T> techsoft::matrix<T>::operator [](techsoft::mslice) const"
C:\PP_31\library\include\matrix2.hxx(125,22): message : или       "techsoft::gmslice_matrix<T> techsoft::matrix<T>::operator [](techsoft::gmslice)"
C:\PP_31\library\include\matrix2.hxx(124,21): message : или       "techsoft::mslice_matrix<T> techsoft::matrix<T>::operator [](techsoft::mslice)"
C:\PP_31\library\include\matrix2.hxx(114,17): message : или       "techsoft::Cmat_iter<T> techsoft::matrix<T>::operator [](int) const"
C:\PP_31\library\include\matrix2.hxx(113,16): message : или       "techsoft::Mat_iter<T> techsoft::matrix<T>::operator [](int)"
C:\PP_31\library\include\matrix2.hxx(112,17): message : или       "techsoft::Cmat_iter<T> techsoft::matrix<T>::operator [](size_t) const"
C:\PP_31\library\include\matrix2.hxx(111,16): message : или       "techsoft::Mat_iter<T> techsoft::matrix<T>::operator [](size_t)"
C:\PP_31\generate\generate\Source.cpp(47,20): message : при попытке сопоставить список аргументов "(Matrix, int)"
C:\PP_31\generate\generate\Source.cpp(48,20): error C2065: c: необъявленный идентификатор
C:\PP_31\generate\generate\Source.cpp(48,40): error C2065: c: необъявленный идентификатор
C:\PP_31\generate\generate\Source.cpp(56,10): error C2146: синтаксическая ошибка: отсутствие ";" перед идентификатором "c"
C:\PP_31\generate\generate\Source.cpp(56,10): error C2065: c: необъявленный идентификатор
C:\PP_31\generate\generate\Source.cpp(56,17): error C2678: бинарный "[": не найден оператор, принимающий левый операнд типа "Matrix" (или приемлемое преобразование отсутствует)
C:\PP_31\library\include\matrix2.hxx(128,20): message : может быть "const techsoft::matrix<T> techsoft::matrix<T>::operator [](techsoft::gmslice) const"
C:\PP_31\library\include\matrix2.hxx(127,20): message : или       "const techsoft::matrix<T> techsoft::matrix<T>::operator [](techsoft::mslice) const"
C:\PP_31\library\include\matrix2.hxx(125,22): message : или       "techsoft::gmslice_matrix<T> techsoft::matrix<T>::operator [](techsoft::gmslice)"
C:\PP_31\library\include\matrix2.hxx(124,21): message : или       "techsoft::mslice_matrix<T> techsoft::matrix<T>::operator [](techsoft::mslice)"
C:\PP_31\library\include\matrix2.hxx(114,17): message : или       "techsoft::Cmat_iter<T> techsoft::matrix<T>::operator [](int) const"
C:\PP_31\library\include\matrix2.hxx(113,16): message : или       "techsoft::Mat_iter<T> techsoft::matrix<T>::operator [](int)"
C:\PP_31\library\include\matrix2.hxx(112,17): message : или       "techsoft::Cmat_iter<T> techsoft::matrix<T>::operator [](size_t) const"
C:\PP_31\library\include\matrix2.hxx(111,16): message : или       "techsoft::Mat_iter<T> techsoft::matrix<T>::operator [](size_t)"
C:\PP_31\generate\generate\Source.cpp(56,17): message : при попытке сопоставить список аргументов "(Matrix, int)"
C:\PP_31\generate\generate\Source.cpp(57,15): error C2065: c: необъявленный идентификатор
C:\PP_31\generate\generate\Source.cpp(58,5): error C2678: бинарный "[": не найден оператор, принимающий левый операнд типа "Matrix" (или приемлемое преобразование отсутствует)
C:\PP_31\library\include\matrix2.hxx(128,20): message : может быть "const techsoft::matrix<T> techsoft::matrix<T>::operator [](techsoft::gmslice) const"
C:\PP_31\library\include\matrix2.hxx(127,20): message : или       "const techsoft::matrix<T> techsoft::matrix<T>::operator [](techsoft::mslice) const"
C:\PP_31\library\include\matrix2.hxx(125,22): message : или       "techsoft::gmslice_matrix<T> techsoft::matrix<T>::operator [](techsoft::gmslice)"
C:\PP_31\library\include\matrix2.hxx(124,21): message : или       "techsoft::mslice_matrix<T> techsoft::matrix<T>::operator [](techsoft::mslice)"
C:\PP_31\library\include\matrix2.hxx(114,17): message : или       "techsoft::Cmat_iter<T> techsoft::matrix<T>::operator [](int) const"
C:\PP_31\library\include\matrix2.hxx(113,16): message : или       "techsoft::Mat_iter<T> techsoft::matrix<T>::operator [](int)"
C:\PP_31\library\include\matrix2.hxx(112,17): message : или       "techsoft::Cmat_iter<T> techsoft::matrix<T>::operator [](size_t) const"
C:\PP_31\library\include\matrix2.hxx(111,16): message : или       "techsoft::Mat_iter<T> techsoft::matrix<T>::operator [](size_t)"
C:\PP_31\generate\generate\Source.cpp(58,5): message : при попытке сопоставить список аргументов "(Matrix, int)"
C:\PP_31\generate\generate\Source.cpp(59,5): error C2678: бинарный "[": не найден оператор, принимающий левый операнд типа "Matrix" (или приемлемое преобразование отсутствует)
C:\PP_31\library\include\matrix2.hxx(128,20): message : может быть "const techsoft::matrix<T> techsoft::matrix<T>::operator [](techsoft::gmslice) const"
C:\PP_31\library\include\matrix2.hxx(127,20): message : или       "const techsoft::matrix<T> techsoft::matrix<T>::operator [](techsoft::mslice) const"
C:\PP_31\library\include\matrix2.hxx(125,22): message : или       "techsoft::gmslice_matrix<T> techsoft::matrix<T>::operator [](techsoft::gmslice)"
C:\PP_31\library\include\matrix2.hxx(124,21): message : или       "techsoft::mslice_matrix<T> techsoft::matrix<T>::operator [](techsoft::mslice)"
C:\PP_31\library\include\matrix2.hxx(114,17): message : или       "techsoft::Cmat_iter<T> techsoft::matrix<T>::operator [](int) const"
C:\PP_31\library\include\matrix2.hxx(113,16): message : или       "techsoft::Mat_iter<T> techsoft::matrix<T>::operator [](int)"
C:\PP_31\library\include\matrix2.hxx(112,17): message : или       "techsoft::Cmat_iter<T> techsoft::matrix<T>::operator [](size_t) const"
C:\PP_31\library\include\matrix2.hxx(111,16): message : или       "techsoft::Mat_iter<T> techsoft::matrix<T>::operator [](size_t)"
C:\PP_31\generate\generate\Source.cpp(59,5): message : при попытке сопоставить список аргументов "(Matrix, int)"
C:\PP_31\generate\generate\Source.cpp(63,10): error C2146: синтаксическая ошибка: отсутствие ";" перед идентификатором "c"
C:\PP_31\generate\generate\Source.cpp(63,10): error C2065: c: необъявленный идентификатор
C:\PP_31\generate\generate\Source.cpp(63,17): error C2678: бинарный "[": не найден оператор, принимающий левый операнд типа "Matrix" (или приемлемое преобразование отсутствует)
C:\PP_31\library\include\matrix2.hxx(128,20): message : может быть "const techsoft::matrix<T> techsoft::matrix<T>::operator [](techsoft::gmslice) const"
C:\PP_31\library\include\matrix2.hxx(127,20): message : или       "const techsoft::matrix<T> techsoft::matrix<T>::operator [](techsoft::mslice) const"
C:\PP_31\library\include\matrix2.hxx(125,22): message : или       "techsoft::gmslice_matrix<T> techsoft::matrix<T>::operator [](techsoft::gmslice)"
C:\PP_31\library\include\matrix2.hxx(124,21): message : или       "techsoft::mslice_matrix<T> techsoft::matrix<T>::operator [](techsoft::mslice)"
C:\PP_31\library\include\matrix2.hxx(114,17): message : или       "techsoft::Cmat_iter<T> techsoft::matrix<T>::operator [](int) const"
C:\PP_31\library\include\matrix2.hxx(113,16): message : или       "techsoft::Mat_iter<T> techsoft::matrix<T>::operator [](int)"
C:\PP_31\library\include\matrix2.hxx(112,17): message : или       "techsoft::Cmat_iter<T> techsoft::matrix<T>::operator [](size_t) const"
C:\PP_31\library\include\matrix2.hxx(111,16): message : или       "techsoft::Mat_iter<T> techsoft::matrix<T>::operator [](size_t)"
C:\PP_31\generate\generate\Source.cpp(63,17): message : при попытке сопоставить список аргументов "(Matrix, int)"
C:\PP_31\generate\generate\Source.cpp(64,15): error C2065: c: необъявленный идентификатор
C:\PP_31\generate\generate\Source.cpp(65,5): error C2678: бинарный "[": не найден оператор, принимающий левый операнд типа "Matrix" (или приемлемое преобразование отсутствует)
C:\PP_31\library\include\matrix2.hxx(128,20): message : может быть "const techsoft::matrix<T> techsoft::matrix<T>::operator [](techsoft::gmslice) const"
C:\PP_31\library\include\matrix2.hxx(127,20): message : или       "const techsoft::matrix<T> techsoft::matrix<T>::operator [](techsoft::mslice) const"
C:\PP_31\library\include\matrix2.hxx(125,22): message : или       "techsoft::gmslice_matrix<T> techsoft::matrix<T>::operator [](techsoft::gmslice)"
C:\PP_31\library\include\matrix2.hxx(124,21): message : или       "techsoft::mslice_matrix<T> techsoft::matrix<T>::operator [](techsoft::mslice)"
C:\PP_31\library\include\matrix2.hxx(114,17): message : или       "techsoft::Cmat_iter<T> techsoft::matrix<T>::operator [](int) const"
C:\PP_31\library\include\matrix2.hxx(113,16): message : или       "techsoft::Mat_iter<T> techsoft::matrix<T>::operator [](int)"
C:\PP_31\library\include\matrix2.hxx(112,17): message : или       "techsoft::Cmat_iter<T> techsoft::matrix<T>::operator [](size_t) const"
C:\PP_31\library\include\matrix2.hxx(111,16): message : или       "techsoft::Mat_iter<T> techsoft::matrix<T>::operator [](size_t)"
C:\PP_31\generate\generate\Source.cpp(65,5): message : при попытке сопоставить список аргументов "(Matrix, int)"
C:\PP_31\generate\generate\Source.cpp(65,14): error C2065: c: необъявленный идентификатор
C:\PP_31\generate\generate\Source.cpp(66,5): error C2678: бинарный "[": не найден оператор, принимающий левый операнд типа "Matrix" (или приемлемое преобразование отсутствует)
C:\PP_31\library\include\matrix2.hxx(128,20): message : может быть "const techsoft::matrix<T> techsoft::matrix<T>::operator [](techsoft::gmslice) const"
C:\PP_31\library\include\matrix2.hxx(127,20): message : или       "const techsoft::matrix<T> techsoft::matrix<T>::operator [](techsoft::mslice) const"
C:\PP_31\library\include\matrix2.hxx(125,22): message : или       "techsoft::gmslice_matrix<T> techsoft::matrix<T>::operator [](techsoft::gmslice)"
C:\PP_31\library\include\matrix2.hxx(124,21): message : или       "techsoft::mslice_matrix<T> techsoft::matrix<T>::operator [](techsoft::mslice)"
C:\PP_31\library\include\matrix2.hxx(114,17): message : или       "techsoft::Cmat_iter<T> techsoft::matrix<T>::operator [](int) const"
C:\PP_31\library\include\matrix2.hxx(113,16): message : или       "techsoft::Mat_iter<T> techsoft::matrix<T>::operator [](int)"
C:\PP_31\library\include\matrix2.hxx(112,17): message : или       "techsoft::Cmat_iter<T> techsoft::matrix<T>::operator [](size_t) const"
C:\PP_31\library\include\matrix2.hxx(111,16): message : или       "techsoft::Mat_iter<T> techsoft::matrix<T>::operator [](size_t)"
C:\PP_31\generate\generate\Source.cpp(66,5): message : при попытке сопоставить список аргументов "(Matrix, int)"
C:\PP_31\generate\generate\Source.cpp(66,14): error C2065: c: необъявленный идентификатор
C:\PP_31\generate\generate\Source.cpp(77,16): error C2514: "techsoft::matrix": невозможно создать шаблон класса.
C:\PP_31\library\include\matrix2.hxx(61): message : см. объявление "techsoft::matrix"
C:\PP_31\generate\generate\Source.cpp(78,5): error C2678: бинарный "[": не найден оператор, принимающий левый операнд типа "Matrix" (или приемлемое преобразование отсутствует)
C:\PP_31\library\include\matrix2.hxx(128,20): message : может быть "const techsoft::matrix<T> techsoft::matrix<T>::operator [](techsoft::gmslice) const"
C:\PP_31\library\include\matrix2.hxx(127,20): message : или       "const techsoft::matrix<T> techsoft::matrix<T>::operator [](techsoft::mslice) const"
C:\PP_31\library\include\matrix2.hxx(125,22): message : или       "techsoft::gmslice_matrix<T> techsoft::matrix<T>::operator [](techsoft::gmslice)"
C:\PP_31\library\include\matrix2.hxx(124,21): message : или       "techsoft::mslice_matrix<T> techsoft::matrix<T>::operator [](techsoft::mslice)"
C:\PP_31\library\include\matrix2.hxx(114,17): message : или       "techsoft::Cmat_iter<T> techsoft::matrix<T>::operator [](int) const"
C:\PP_31\library\include\matrix2.hxx(113,16): message : или       "techsoft::Mat_iter<T> techsoft::matrix<T>::operator [](int)"
C:\PP_31\library\include\matrix2.hxx(112,17): message : или       "techsoft::Cmat_iter<T> techsoft::matrix<T>::operator [](size_t) const"
C:\PP_31\library\include\matrix2.hxx(111,16): message : или       "techsoft::Mat_iter<T> techsoft::matrix<T>::operator [](size_t)"
C:\PP_31\generate\generate\Source.cpp(78,5): message : при попытке сопоставить список аргументов "(Matrix, int)"
C:\PP_31\generate\generate\Source.cpp(79,5): error C2678: бинарный "[": не найден оператор, принимающий левый операнд типа "Matrix" (или приемлемое преобразование отсутствует)
C:\PP_31\library\include\matrix2.hxx(128,20): message : может быть "const techsoft::matrix<T> techsoft::matrix<T>::operator [](techsoft::gmslice) const"
C:\PP_31\library\include\matrix2.hxx(127,20): message : или       "const techsoft::matrix<T> techsoft::matrix<T>::operator [](techsoft::mslice) const"
C:\PP_31\library\include\matrix2.hxx(125,22): message : или       "techsoft::gmslice_matrix<T> techsoft::matrix<T>::operator [](techsoft::gmslice)"
C:\PP_31\library\include\matrix2.hxx(124,21): message : или       "techsoft::mslice_matrix<T> techsoft::matrix<T>::operator [](techsoft::mslice)"
C:\PP_31\library\include\matrix2.hxx(114,17): message : или       "techsoft::Cmat_iter<T> techsoft::matrix<T>::operator [](int) const"
C:\PP_31\library\include\matrix2.hxx(113,16): message : или       "techsoft::Mat_iter<T> techsoft::matrix<T>::operator [](int)"
C:\PP_31\library\include\matrix2.hxx(112,17): message : или       "techsoft::Cmat_iter<T> techsoft::matrix<T>::operator [](size_t) const"
C:\PP_31\library\include\matrix2.hxx(111,16): message : или       "techsoft::Mat_iter<T> techsoft::matrix<T>::operator [](size_t)"
C:\PP_31\generate\generate\Source.cpp(79,5): message : при попытке сопоставить список аргументов "(Matrix, int)"
C:\PP_31\generate\generate\Source.cpp(80,5): error C2678: бинарный "[": не найден оператор, принимающий левый операнд типа "Matrix" (или приемлемое преобразование отсутствует)
C:\PP_31\library\include\matrix2.hxx(128,20): message : может быть "const techsoft::matrix<T> techsoft::matrix<T>::operator [](techsoft::gmslice) const"
C:\PP_31\library\include\matrix2.hxx(127,20): message : или       "const techsoft::matrix<T> techsoft::matrix<T>::operator [](techsoft::mslice) const"
C:\PP_31\library\include\matrix2.hxx(125,22): message : или       "techsoft::gmslice_matrix<T> techsoft::matrix<T>::operator [](techsoft::gmslice)"
C:\PP_31\library\include\matrix2.hxx(124,21): message : или       "techsoft::mslice_matrix<T> techsoft::matrix<T>::operator [](techsoft::mslice)"
C:\PP_31\library\include\matrix2.hxx(114,17): message : или       "techsoft::Cmat_iter<T> techsoft::matrix<T>::operator [](int) const"
C:\PP_31\library\include\matrix2.hxx(113,16): message : или       "techsoft::Mat_iter<T> techsoft::matrix<T>::operator [](int)"
C:\PP_31\library\include\matrix2.hxx(112,17): message : или       "techsoft::Cmat_iter<T> techsoft::matrix<T>::operator [](size_t) const"
C:\PP_31\library\include\matrix2.hxx(111,16): message : или       "techsoft::Mat_iter<T> techsoft::matrix<T>::operator [](size_t)"
C:\PP_31\generate\generate\Source.cpp(80,5): message : при попытке сопоставить список аргументов "(Matrix, int)"
C:\PP_31\generate\generate\Source.cpp(81,13): error C2514: "techsoft::matrix": невозможно создать шаблон класса.
C:\PP_31\library\include\matrix2.hxx(61): message : см. объявление "techsoft::matrix"
C:\PP_31\generate\generate\Source.cpp(92,7): error C2678: бинарный "[": не найден оператор, принимающий левый операнд типа "Matrix" (или приемлемое преобразование отсутствует)
C:\PP_31\library\include\matrix2.hxx(128,20): message : может быть "const techsoft::matrix<T> techsoft::matrix<T>::operator [](techsoft::gmslice) const"
C:\PP_31\library\include\matrix2.hxx(127,20): message : или       "const techsoft::matrix<T> techsoft::matrix<T>::operator [](techsoft::mslice) const"
C:\PP_31\library\include\matrix2.hxx(125,22): message : или       "techsoft::gmslice_matrix<T> techsoft::matrix<T>::operator [](techsoft::gmslice)"
C:\PP_31\library\include\matrix2.hxx(124,21): message : или       "techsoft::mslice_matrix<T> techsoft::matrix<T>::operator [](techsoft::mslice)"
C:\PP_31\library\include\matrix2.hxx(114,17): message : или       "techsoft::Cmat_iter<T> techsoft::matrix<T>::operator [](int) const"
C:\PP_31\library\include\matrix2.hxx(113,16): message : или       "techsoft::Mat_iter<T> techsoft::matrix<T>::operator [](int)"
C:\PP_31\library\include\matrix2.hxx(112,17): message : или       "techsoft::Cmat_iter<T> techsoft::matrix<T>::operator [](size_t) const"
C:\PP_31\library\include\matrix2.hxx(111,16): message : или       "techsoft::Mat_iter<T> techsoft::matrix<T>::operator [](size_t)"
C:\PP_31\generate\generate\Source.cpp(92,7): message : при попытке сопоставить список аргументов "(Matrix, int)"
C:\PP_31\generate\generate\Source.cpp(92,22): error C2088: [: недопустимо для class
C:\PP_31\generate\generate\Source.cpp(93,13): error C2146: синтаксическая ошибка: отсутствие ";" перед идентификатором "ca"
C:\PP_31\generate\generate\Source.cpp(93,13): error C2065: ca: необъявленный идентификатор
C:\PP_31\generate\generate\Source.cpp(93,21): error C2678: бинарный "[": не найден оператор, принимающий левый операнд типа "Matrix" (или приемлемое преобразование отсутствует)
C:\PP_31\library\include\matrix2.hxx(128,20): message : может быть "const techsoft::matrix<T> techsoft::matrix<T>::operator [](techsoft::gmslice) const"
C:\PP_31\library\include\matrix2.hxx(127,20): message : или       "const techsoft::matrix<T> techsoft::matrix<T>::operator [](techsoft::mslice) const"
C:\PP_31\library\include\matrix2.hxx(125,22): message : или       "techsoft::gmslice_matrix<T> techsoft::matrix<T>::operator [](techsoft::gmslice)"
C:\PP_31\library\include\matrix2.hxx(124,21): message : или       "techsoft::mslice_matrix<T> techsoft::matrix<T>::operator [](techsoft::mslice)"
C:\PP_31\library\include\matrix2.hxx(114,17): message : или       "techsoft::Cmat_iter<T> techsoft::matrix<T>::operator [](int) const"
C:\PP_31\library\include\matrix2.hxx(113,16): message : или       "techsoft::Mat_iter<T> techsoft::matrix<T>::operator [](int)"
C:\PP_31\library\include\matrix2.hxx(112,17): message : или       "techsoft::Cmat_iter<T> techsoft::matrix<T>::operator [](size_t) const"
C:\PP_31\library\include\matrix2.hxx(111,16): message : или       "techsoft::Mat_iter<T> techsoft::matrix<T>::operator [](size_t)"
C:\PP_31\generate\generate\Source.cpp(93,21): message : при попытке сопоставить список аргументов "(Matrix, int)"
C:\PP_31\generate\generate\Source.cpp(94,13): error C2146: синтаксическая ошибка: отсутствие ";" перед идентификатором "cb"
C:\PP_31\generate\generate\Source.cpp(94,13): error C2065: cb: необъявленный идентификатор
C:\PP_31\generate\generate\Source.cpp(94,21): error C2678: бинарный "[": не найден оператор, принимающий левый операнд типа "Matrix" (или приемлемое преобразование отсутствует)
C:\PP_31\library\include\matrix2.hxx(128,20): message : может быть "const techsoft::matrix<T> techsoft::matrix<T>::operator [](techsoft::gmslice) const"
C:\PP_31\library\include\matrix2.hxx(127,20): message : или       "const techsoft::matrix<T> techsoft::matrix<T>::operator [](techsoft::mslice) const"
C:\PP_31\library\include\matrix2.hxx(125,22): message : или       "techsoft::gmslice_matrix<T> techsoft::matrix<T>::operator [](techsoft::gmslice)"
C:\PP_31\library\include\matrix2.hxx(124,21): message : или       "techsoft::mslice_matrix<T> techsoft::matrix<T>::operator [](techsoft::mslice)"
C:\PP_31\library\include\matrix2.hxx(114,17): message : или       "techsoft::Cmat_iter<T> techsoft::matrix<T>::operator [](int) const"
C:\PP_31\library\include\matrix2.hxx(113,16): message : или       "techsoft::Mat_iter<T> techsoft::matrix<T>::operator [](int)"
C:\PP_31\library\include\matrix2.hxx(112,17): message : или       "techsoft::Cmat_iter<T> techsoft::matrix<T>::operator [](size_t) const"
C:\PP_31\library\include\matrix2.hxx(111,16): message : или       "techsoft::Mat_iter<T> techsoft::matrix<T>::operator [](size_t)"
C:\PP_31\generate\generate\Source.cpp(94,21): message : при попытке сопоставить список аргументов "(Matrix, int)"
C:\PP_31\generate\generate\Source.cpp(95,9): error C2065: ca: необъявленный идентификатор
C:\PP_31\generate\generate\Source.cpp(95,22): error C2065: cb: необъявленный идентификатор
C:\PP_31\generate\generate\Source.cpp(97,21): error C2065: ca: необъявленный идентификатор
C:\PP_31\generate\generate\Source.cpp(97,41): error C2065: cb: необъявленный идентификатор
C:\PP_31\generate\generate\Source.cpp(97,62): error C2065: ca: необъявленный идентификатор
C:\PP_31\generate\generate\Source.cpp(100,21): error C2065: ca: необъявленный идентификатор
C:\PP_31\generate\generate\Source.cpp(100,42): error C2065: ca: необъявленный идентификатор
C:\PP_31\generate\generate\Source.cpp(100,62): error C2065: cb: необъявленный идентификатор
C:\PP_31\generate\generate\Source.cpp(104,13): error C2146: синтаксическая ошибка: отсутствие ";" перед идентификатором "c"
C:\PP_31\generate\generate\Source.cpp(104,13): error C2065: c: необъявленный идентификатор
C:\PP_31\generate\generate\Source.cpp(104,20): error C2678: бинарный "[": не найден оператор, принимающий левый операнд типа "Matrix" (или приемлемое преобразование отсутствует)
C:\PP_31\library\include\matrix2.hxx(128,20): message : может быть "const techsoft::matrix<T> techsoft::matrix<T>::operator [](techsoft::gmslice) const"
C:\PP_31\library\include\matrix2.hxx(127,20): message : или       "const techsoft::matrix<T> techsoft::matrix<T>::operator [](techsoft::mslice) const"
C:\PP_31\library\include\matrix2.hxx(125,22): message : или       "techsoft::gmslice_matrix<T> techsoft::matrix<T>::operator [](techsoft::gmslice)"
C:\PP_31\library\include\matrix2.hxx(124,21): message : или       "techsoft::mslice_matrix<T> techsoft::matrix<T>::operator [](techsoft::mslice)"
C:\PP_31\library\include\matrix2.hxx(114,17): message : или       "techsoft::Cmat_iter<T> techsoft::matrix<T>::operator [](int) const"
C:\PP_31\library\include\matrix2.hxx(113,16): message : или       "techsoft::Mat_iter<T> techsoft::matrix<T>::operator [](int)"
C:\PP_31\library\include\matrix2.hxx(112,17): message : или       "techsoft::Cmat_iter<T> techsoft::matrix<T>::operator [](size_t) const"
C:\PP_31\library\include\matrix2.hxx(111,16): message : или       "techsoft::Mat_iter<T> techsoft::matrix<T>::operator [](size_t)"
C:\PP_31\generate\generate\Source.cpp(104,20): message : при попытке сопоставить список аргументов "(Matrix, int)"
C:\PP_31\generate\generate\Source.cpp(105,20): error C2065: c: необъявленный идентификатор
C:\PP_31\generate\generate\Source.cpp(105,40): error C2065: c: необъявленный идентификатор
C:\PP_31\generate\generate\Source.cpp(120,16): error C2514: "techsoft::matrix": невозможно создать шаблон класса.
C:\PP_31\library\include\matrix2.hxx(61): message : см. объявление "techsoft::matrix"
C:\PP_31\generate\generate\Source.cpp(121,5): error C2678: бинарный "[": не найден оператор, принимающий левый операнд типа "Matrix" (или приемлемое преобразование отсутствует)
C:\PP_31\library\include\matrix2.hxx(128,20): message : может быть "const techsoft::matrix<T> techsoft::matrix<T>::operator [](techsoft::gmslice) const"
C:\PP_31\library\include\matrix2.hxx(127,20): message : или       "const techsoft::matrix<T> techsoft::matrix<T>::operator [](techsoft::mslice) const"
C:\PP_31\library\include\matrix2.hxx(125,22): message : или       "techsoft::gmslice_matrix<T> techsoft::matrix<T>::operator [](techsoft::gmslice)"
C:\PP_31\library\include\matrix2.hxx(124,21): message : или       "techsoft::mslice_matrix<T> techsoft::matrix<T>::operator [](techsoft::mslice)"
C:\PP_31\library\include\matrix2.hxx(114,17): message : или       "techsoft::Cmat_iter<T> techsoft::matrix<T>::operator [](int) const"
C:\PP_31\library\include\matrix2.hxx(113,16): message : или       "techsoft::Mat_iter<T> techsoft::matrix<T>::operator [](int)"
C:\PP_31\library\include\matrix2.hxx(112,17): message : или       "techsoft::Cmat_iter<T> techsoft::matrix<T>::operator [](size_t) const"
C:\PP_31\library\include\matrix2.hxx(111,16): message : или       "techsoft::Mat_iter<T> techsoft::matrix<T>::operator [](size_t)"
C:\PP_31\generate\generate\Source.cpp(121,5): message : при попытке сопоставить список аргументов "(Matrix, int)"
C:\PP_31\generate\generate\Source.cpp(122,5): error C2678: бинарный "[": не найден оператор, принимающий левый операнд типа "Matrix" (или приемлемое преобразование отсутствует)
C:\PP_31\library\include\matrix2.hxx(128,20): message : может быть "const techsoft::matrix<T> techsoft::matrix<T>::operator [](techsoft::gmslice) const"
C:\PP_31\library\include\matrix2.hxx(127,20): message : или       "const techsoft::matrix<T> techsoft::matrix<T>::operator [](techsoft::mslice) const"
C:\PP_31\library\include\matrix2.hxx(125,22): message : или       "techsoft::gmslice_matrix<T> techsoft::matrix<T>::operator [](techsoft::gmslice)"
C:\PP_31\library\include\matrix2.hxx(124,21): message : или       "techsoft::mslice_matrix<T> techsoft::matrix<T>::operator [](techsoft::mslice)"
C:\PP_31\library\include\matrix2.hxx(114,17): message : или       "techsoft::Cmat_iter<T> techsoft::matrix<T>::operator [](int) const"
C:\PP_31\library\include\matrix2.hxx(113,16): message : или       "techsoft::Mat_iter<T> techsoft::matrix<T>::operator [](int)"
C:\PP_31\library\include\matrix2.hxx(112,17): message : или       "techsoft::Cmat_iter<T> techsoft::matrix<T>::operator [](size_t) const"
C:\PP_31\library\include\matrix2.hxx(111,16): message : или       "techsoft::Mat_iter<T> techsoft::matrix<T>::operator [](size_t)"
C:\PP_31\generate\generate\Source.cpp(122,5): message : при попытке сопоставить список аргументов "(Matrix, int)"
C:\PP_31\generate\generate\Source.cpp(123,5): error C2678: бинарный "[": не найден оператор, принимающий левый операнд типа "Matrix" (или приемлемое преобразование отсутствует)
C:\PP_31\library\include\matrix2.hxx(128,20): message : может быть "const techsoft::matrix<T> techsoft::matrix<T>::operator [](techsoft::gmslice) const"
C:\PP_31\library\include\matrix2.hxx(127,20): message : или       "const techsoft::matrix<T> techsoft::matrix<T>::operator [](techsoft::mslice) const"
C:\PP_31\library\include\matrix2.hxx(125,22): message : или       "techsoft::gmslice_matrix<T> techsoft::matrix<T>::operator [](techsoft::gmslice)"
C:\PP_31\library\include\matrix2.hxx(124,21): message : или       "techsoft::mslice_matrix<T> techsoft::matrix<T>::operator [](techsoft::mslice)"
C:\PP_31\library\include\matrix2.hxx(114,17): message : или       "techsoft::Cmat_iter<T> techsoft::matrix<T>::operator [](int) const"
C:\PP_31\library\include\matrix2.hxx(113,16): message : или       "techsoft::Mat_iter<T> techsoft::matrix<T>::operator [](int)"
C:\PP_31\library\include\matrix2.hxx(112,17): message : или       "techsoft::Cmat_iter<T> techsoft::matrix<T>::operator [](size_t) const"
C:\PP_31\library\include\matrix2.hxx(111,16): message : или       "techsoft::Mat_iter<T> techsoft::matrix<T>::operator [](size_t)"
C:\PP_31\generate\generate\Source.cpp(123,5): message : при попытке сопоставить список аргументов "(Matrix, int)"
C:\PP_31\generate\generate\Source.cpp(124,13): error C2514: "techsoft::matrix": невозможно создать шаблон класса.
C:\PP_31\library\include\matrix2.hxx(61): message : см. объявление "techsoft::matrix"
C:\PP_31\generate\generate\Source.cpp(138,7): error C2678: бинарный "[": не найден оператор, принимающий левый операнд типа "Matrix" (или приемлемое преобразование отсутствует)
C:\PP_31\library\include\matrix2.hxx(128,20): message : может быть "const techsoft::matrix<T> techsoft::matrix<T>::operator [](techsoft::gmslice) const"
C:\PP_31\library\include\matrix2.hxx(127,20): message : или       "const techsoft::matrix<T> techsoft::matrix<T>::operator [](techsoft::mslice) const"
C:\PP_31\library\include\matrix2.hxx(125,22): message : или       "techsoft::gmslice_matrix<T> techsoft::matrix<T>::operator [](techsoft::gmslice)"
C:\PP_31\library\include\matrix2.hxx(124,21): message : или       "techsoft::mslice_matrix<T> techsoft::matrix<T>::operator [](techsoft::mslice)"
C:\PP_31\library\include\matrix2.hxx(114,17): message : или       "techsoft::Cmat_iter<T> techsoft::matrix<T>::operator [](int) const"
C:\PP_31\library\include\matrix2.hxx(113,16): message : или       "techsoft::Mat_iter<T> techsoft::matrix<T>::operator [](int)"
C:\PP_31\library\include\matrix2.hxx(112,17): message : или       "techsoft::Cmat_iter<T> techsoft::matrix<T>::operator [](size_t) const"
C:\PP_31\library\include\matrix2.hxx(111,16): message : или       "techsoft::Mat_iter<T> techsoft::matrix<T>::operator [](size_t)"
C:\PP_31\generate\generate\Source.cpp(138,7): message : при попытке сопоставить список аргументов "(Matrix, int)"
C:\PP_31\generate\generate\Source.cpp(138,22): error C2088: [: недопустимо для class
C:\PP_31\generate\generate\Source.cpp(139,13): error C2146: синтаксическая ошибка: отсутствие ";" перед идентификатором "ca"
C:\PP_31\generate\generate\Source.cpp(139,13): error C2065: ca: необъявленный идентификатор
C:\PP_31\generate\generate\Source.cpp(139,16): fatal error C1003: число ошибок превышает 100; остановка компиляции
